This file contains any messages produced by compilers while
running configure, to aid debugging if configure makes a mistake.

It was created by configure, which was
generated by GNU Autoconf 2.64.  Invocation command line was

  $ /home/liyiwen/Documents/Projects/cages/caging/experiments/gnu_binutils/binutils-2.24/gprof/configure --cache-file=./config.cache --with-gnu-as --with-gnu-ld --with-system-zlib --prefix=/home/liyiwen/Documents/Projects/cages/caging/experiments/gnu_binutils/binutils-2.24 --program-transform-name=s&^&x86_64-nacl-& --disable-option-checking --build=x86_64-unknown-linux-gnu --host=x86_64 --target=x86_64-nacl --srcdir=.././gprof

## --------- ##
## Platform. ##
## --------- ##

hostname = laputa
uname -m = x86_64
uname -r = 3.13.0-133-generic
uname -s = Linux
uname -v = #182-Ubuntu SMP Tue Sep 19 15:49:21 UTC 2017

/usr/bin/uname -p = unknown
/bin/uname -X     = unknown

/bin/arch              = unknown
/usr/bin/arch -k       = unknown
/usr/convex/getsysinfo = unknown
/usr/bin/hostinfo      = unknown
/bin/machine           = unknown
/usr/bin/oslevel       = unknown
/bin/universe          = unknown

PATH: /usr/lind_project/depot_tools
PATH: /usr/local/sbin
PATH: /usr/local/bin
PATH: /usr/sbin
PATH: /usr/bin
PATH: /sbin
PATH: /bin
PATH: /usr/games
PATH: /usr/local/games


## ----------- ##
## Core tests. ##
## ----------- ##

configure:2116: creating cache ./config.cache
configure:2221: checking build system type
configure:2235: result: x86_64-unknown-linux-gnu
configure:2255: checking host system type
configure:2268: result: x86_64-pc-none
configure:2288: checking target system type
configure:2301: result: x86_64-pc-nacl
configure:2335: checking for x86_64-gcc
configure:2362: result: /usr/lind_project/repy/sdk/toolchain/linux_x86_glibc/bin/x86_64-nacl-gcc
configure:2631: checking for C compiler version
configure:2640: /usr/lind_project/repy/sdk/toolchain/linux_x86_glibc/bin/x86_64-nacl-gcc --version >&5
x86_64-nacl-gcc (GCC) 4.4.3
Copyright (C) 2010 Free Software Foundation, Inc.
This is free software; see the source for copying conditions.  There is NO
warranty; not even for MERCHANTABILITY or FITNESS FOR A PARTICULAR PURPOSE.

configure:2651: $? = 0
configure:2640: /usr/lind_project/repy/sdk/toolchain/linux_x86_glibc/bin/x86_64-nacl-gcc -v >&5
Using built-in specs.
Target: x86_64-nacl
Configured with: /usr/lind_project/lind/nacl/native_client/tools/SRC/gcc/configure CC='gcc -m32' CFLAGS='-O2 -g -Dinhibit_libc -D__gthr_posix_h' LDFLAGS=-s 'CFLAGS_FOR_TARGET=-O2 -g ' 'CXXFLAGS_FOR_TARGET=-O2 -g ' --prefix=/usr/lind_project/lind/nacl/native_client/tools/out/nacl-sdk --disable-decimal-float --disable-libgomp --disable-libmudflap --disable-libssp --disable-libstdcxx-pch --target=x86_64-nacl --enable-linker-build-id --with-gmp=/usr/lind_project/lind/nacl/native_client/tools/BUILD/.gcc-extra-install-gmp --with-mpfr=/usr/lind_project/lind/nacl/native_client/tools/BUILD/.gcc-extra-install-mpfr --with-ppl=/usr/lind_project/lind/nacl/native_client/tools/BUILD/.gcc-extra-install-ppl --with-host-libstdcxx='-lpwl -Wl,-Bstatic -lstdc++ -Wl,-Bdynamic -lm' --with-cloog=/usr/lind_project/lind/nacl/native_client/tools/BUILD/.gcc-extra-install-cloog-ppl --disable-ppl-version-check --enable-shared --enable-languages=c,c++,objc,obj-c++,fortran --enable-threads=posix --enable-tls
Thread model: posix
gcc version 4.4.3 (GCC) 
configure:2651: $? = 0
configure:2640: /usr/lind_project/repy/sdk/toolchain/linux_x86_glibc/bin/x86_64-nacl-gcc -V >&5
x86_64-nacl-gcc: '-V' option must have argument
configure:2651: $? = 1
configure:2640: /usr/lind_project/repy/sdk/toolchain/linux_x86_glibc/bin/x86_64-nacl-gcc -qversion >&5
x86_64-nacl-gcc: unrecognized option '-qversion'
x86_64-nacl-gcc: no input files
configure:2651: $? = 1
configure:2671: checking for C compiler default output file name
configure:2693: /usr/lind_project/repy/sdk/toolchain/linux_x86_glibc/bin/x86_64-nacl-gcc -g -O2  -static-libstdc++ -static-libgcc  conftest.c  >&5
x86_64-nacl-gcc: unrecognized option '-static-libstdc++'
configure:2697: $? = 0
configure:2734: result: a.out
configure:2750: checking whether the C compiler works
configure:2778: result: yes
configure:2785: checking whether we are cross compiling
configure:2787: result: yes
configure:2790: checking for suffix of executables
configure:2797: /usr/lind_project/repy/sdk/toolchain/linux_x86_glibc/bin/x86_64-nacl-gcc -o conftest -g -O2  -static-libstdc++ -static-libgcc  conftest.c  >&5
x86_64-nacl-gcc: unrecognized option '-static-libstdc++'
configure:2801: $? = 0
configure:2823: result: 
configure:2829: checking for suffix of object files
configure:2851: /usr/lind_project/repy/sdk/toolchain/linux_x86_glibc/bin/x86_64-nacl-gcc -c -g -O2  conftest.c >&5
configure:2855: $? = 0
configure:2876: result: o
configure:2880: checking whether we are using the GNU C compiler
configure:2899: /usr/lind_project/repy/sdk/toolchain/linux_x86_glibc/bin/x86_64-nacl-gcc -c -g -O2  conftest.c >&5
configure:2899: $? = 0
configure:2908: result: yes
configure:2917: checking whether /usr/lind_project/repy/sdk/toolchain/linux_x86_glibc/bin/x86_64-nacl-gcc accepts -g
configure:2937: /usr/lind_project/repy/sdk/toolchain/linux_x86_glibc/bin/x86_64-nacl-gcc -c -g  conftest.c >&5
configure:2937: $? = 0
configure:2978: result: yes
configure:2995: checking for /usr/lind_project/repy/sdk/toolchain/linux_x86_glibc/bin/x86_64-nacl-gcc option to accept ISO C89
configure:3059: /usr/lind_project/repy/sdk/toolchain/linux_x86_glibc/bin/x86_64-nacl-gcc  -c -g -O2  conftest.c >&5
configure:3059: $? = 0
configure:3072: result: none needed
configure:3093: checking for library containing strerror
configure:3124: /usr/lind_project/repy/sdk/toolchain/linux_x86_glibc/bin/x86_64-nacl-gcc -o conftest -g -O2  -static-libstdc++ -static-libgcc  conftest.c  >&5
x86_64-nacl-gcc: unrecognized option '-static-libstdc++'
configure:3124: $? = 0
configure:3141: result: none required
configure:3167: checking for a BSD-compatible install
configure:3235: result: /usr/bin/install -c
configure:3246: checking whether build environment is sane
configure:3296: result: yes
configure:3345: checking for x86_64-strip
configure:3375: result: no
configure:3385: checking for strip
configure:3401: found /usr/bin/strip
configure:3412: result: strip
configure:3424: WARNING: using cross tools not prefixed with host triplet
configure:3437: checking for a thread-safe mkdir -p
configure:3476: result: /bin/mkdir -p
configure:3489: checking for gawk
configure:3516: result: gawk
configure:3527: checking whether make sets $(MAKE)
configure:3549: result: yes
configure:3579: checking for style of include used by make
configure:3607: result: GNU
configure:3692: checking dependency style of /usr/lind_project/repy/sdk/toolchain/linux_x86_glibc/bin/x86_64-nacl-gcc
configure:3802: result: gcc3
configure:3830: checking for x86_64-gcc
configure:3857: result: /usr/lind_project/repy/sdk/toolchain/linux_x86_glibc/bin/x86_64-nacl-gcc
configure:4126: checking for C compiler version
configure:4135: /usr/lind_project/repy/sdk/toolchain/linux_x86_glibc/bin/x86_64-nacl-gcc --version >&5
x86_64-nacl-gcc (GCC) 4.4.3
Copyright (C) 2010 Free Software Foundation, Inc.
This is free software; see the source for copying conditions.  There is NO
warranty; not even for MERCHANTABILITY or FITNESS FOR A PARTICULAR PURPOSE.

configure:4146: $? = 0
configure:4135: /usr/lind_project/repy/sdk/toolchain/linux_x86_glibc/bin/x86_64-nacl-gcc -v >&5
Using built-in specs.
Target: x86_64-nacl
Configured with: /usr/lind_project/lind/nacl/native_client/tools/SRC/gcc/configure CC='gcc -m32' CFLAGS='-O2 -g -Dinhibit_libc -D__gthr_posix_h' LDFLAGS=-s 'CFLAGS_FOR_TARGET=-O2 -g ' 'CXXFLAGS_FOR_TARGET=-O2 -g ' --prefix=/usr/lind_project/lind/nacl/native_client/tools/out/nacl-sdk --disable-decimal-float --disable-libgomp --disable-libmudflap --disable-libssp --disable-libstdcxx-pch --target=x86_64-nacl --enable-linker-build-id --with-gmp=/usr/lind_project/lind/nacl/native_client/tools/BUILD/.gcc-extra-install-gmp --with-mpfr=/usr/lind_project/lind/nacl/native_client/tools/BUILD/.gcc-extra-install-mpfr --with-ppl=/usr/lind_project/lind/nacl/native_client/tools/BUILD/.gcc-extra-install-ppl --with-host-libstdcxx='-lpwl -Wl,-Bstatic -lstdc++ -Wl,-Bdynamic -lm' --with-cloog=/usr/lind_project/lind/nacl/native_client/tools/BUILD/.gcc-extra-install-cloog-ppl --disable-ppl-version-check --enable-shared --enable-languages=c,c++,objc,obj-c++,fortran --enable-threads=posix --enable-tls
Thread model: posix
gcc version 4.4.3 (GCC) 
configure:4146: $? = 0
configure:4135: /usr/lind_project/repy/sdk/toolchain/linux_x86_glibc/bin/x86_64-nacl-gcc -V >&5
x86_64-nacl-gcc: '-V' option must have argument
configure:4146: $? = 1
configure:4135: /usr/lind_project/repy/sdk/toolchain/linux_x86_glibc/bin/x86_64-nacl-gcc -qversion >&5
x86_64-nacl-gcc: unrecognized option '-qversion'
x86_64-nacl-gcc: no input files
configure:4146: $? = 1
configure:4150: checking whether we are using the GNU C compiler
configure:4178: result: yes
configure:4187: checking whether /usr/lind_project/repy/sdk/toolchain/linux_x86_glibc/bin/x86_64-nacl-gcc accepts -g
configure:4248: result: yes
configure:4265: checking for /usr/lind_project/repy/sdk/toolchain/linux_x86_glibc/bin/x86_64-nacl-gcc option to accept ISO C89
configure:4342: result: none needed
configure:4367: checking how to run the C preprocessor
configure:4398: /usr/lind_project/repy/sdk/toolchain/linux_x86_glibc/bin/x86_64-nacl-gcc -E  conftest.c
configure:4398: $? = 0
configure:4412: /usr/lind_project/repy/sdk/toolchain/linux_x86_glibc/bin/x86_64-nacl-gcc -E  conftest.c
conftest.c:11:28: error: ac_nonexistent.h: No such file or directory
configure:4412: $? = 1
configure: failed program was:
| /* confdefs.h */
| #define PACKAGE_NAME ""
| #define PACKAGE_TARNAME ""
| #define PACKAGE_VERSION ""
| #define PACKAGE_STRING ""
| #define PACKAGE_BUGREPORT ""
| #define PACKAGE_URL ""
| #define PACKAGE "gprof"
| #define VERSION "2.24"
| /* end confdefs.h.  */
| #include <ac_nonexistent.h>
configure:4437: result: /usr/lind_project/repy/sdk/toolchain/linux_x86_glibc/bin/x86_64-nacl-gcc -E
configure:4457: /usr/lind_project/repy/sdk/toolchain/linux_x86_glibc/bin/x86_64-nacl-gcc -E  conftest.c
configure:4457: $? = 0
configure:4471: /usr/lind_project/repy/sdk/toolchain/linux_x86_glibc/bin/x86_64-nacl-gcc -E  conftest.c
conftest.c:11:28: error: ac_nonexistent.h: No such file or directory
configure:4471: $? = 1
configure: failed program was:
| /* confdefs.h */
| #define PACKAGE_NAME ""
| #define PACKAGE_TARNAME ""
| #define PACKAGE_VERSION ""
| #define PACKAGE_STRING ""
| #define PACKAGE_BUGREPORT ""
| #define PACKAGE_URL ""
| #define PACKAGE "gprof"
| #define VERSION "2.24"
| /* end confdefs.h.  */
| #include <ac_nonexistent.h>
configure:4500: checking for grep that handles long lines and -e
configure:4558: result: /bin/grep
configure:4563: checking for egrep
configure:4625: result: /bin/grep -E
configure:4630: checking for ANSI C header files
configure:4650: /usr/lind_project/repy/sdk/toolchain/linux_x86_glibc/bin/x86_64-nacl-gcc -c -g -O2  conftest.c >&5
configure:4650: $? = 0
configure:4734: result: yes
configure:4747: checking for sys/types.h
configure:4747: /usr/lind_project/repy/sdk/toolchain/linux_x86_glibc/bin/x86_64-nacl-gcc -c -g -O2  conftest.c >&5
configure:4747: $? = 0
configure:4747: result: yes
configure:4747: checking for sys/stat.h
configure:4747: /usr/lind_project/repy/sdk/toolchain/linux_x86_glibc/bin/x86_64-nacl-gcc -c -g -O2  conftest.c >&5
configure:4747: $? = 0
configure:4747: result: yes
configure:4747: checking for stdlib.h
configure:4747: /usr/lind_project/repy/sdk/toolchain/linux_x86_glibc/bin/x86_64-nacl-gcc -c -g -O2  conftest.c >&5
configure:4747: $? = 0
configure:4747: result: yes
configure:4747: checking for string.h
configure:4747: /usr/lind_project/repy/sdk/toolchain/linux_x86_glibc/bin/x86_64-nacl-gcc -c -g -O2  conftest.c >&5
configure:4747: $? = 0
configure:4747: result: yes
configure:4747: checking for memory.h
configure:4747: /usr/lind_project/repy/sdk/toolchain/linux_x86_glibc/bin/x86_64-nacl-gcc -c -g -O2  conftest.c >&5
configure:4747: $? = 0
configure:4747: result: yes
configure:4747: checking for strings.h
configure:4747: /usr/lind_project/repy/sdk/toolchain/linux_x86_glibc/bin/x86_64-nacl-gcc -c -g -O2  conftest.c >&5
configure:4747: $? = 0
configure:4747: result: yes
configure:4747: checking for inttypes.h
configure:4747: /usr/lind_project/repy/sdk/toolchain/linux_x86_glibc/bin/x86_64-nacl-gcc -c -g -O2  conftest.c >&5
configure:4747: $? = 0
configure:4747: result: yes
configure:4747: checking for stdint.h
configure:4747: /usr/lind_project/repy/sdk/toolchain/linux_x86_glibc/bin/x86_64-nacl-gcc -c -g -O2  conftest.c >&5
configure:4747: $? = 0
configure:4747: result: yes
configure:4747: checking for unistd.h
configure:4747: /usr/lind_project/repy/sdk/toolchain/linux_x86_glibc/bin/x86_64-nacl-gcc -c -g -O2  conftest.c >&5
configure:4747: $? = 0
configure:4747: result: yes
configure:4761: checking minix/config.h usability
configure:4761: /usr/lind_project/repy/sdk/toolchain/linux_x86_glibc/bin/x86_64-nacl-gcc -c -g -O2  conftest.c >&5
conftest.c:54:26: error: minix/config.h: No such file or directory
configure:4761: $? = 1
configure: failed program was:
| /* confdefs.h */
| #define PACKAGE_NAME ""
| #define PACKAGE_TARNAME ""
| #define PACKAGE_VERSION ""
| #define PACKAGE_STRING ""
| #define PACKAGE_BUGREPORT ""
| #define PACKAGE_URL ""
| #define PACKAGE "gprof"
| #define VERSION "2.24"
| #define STDC_HEADERS 1
| #define HAVE_SYS_TYPES_H 1
| #define HAVE_SYS_STAT_H 1
| #define HAVE_STDLIB_H 1
| #define HAVE_STRING_H 1
| #define HAVE_MEMORY_H 1
| #define HAVE_STRINGS_H 1
| #define HAVE_INTTYPES_H 1
| #define HAVE_STDINT_H 1
| #define HAVE_UNISTD_H 1
| /* end confdefs.h.  */
| #include <stdio.h>
| #ifdef HAVE_SYS_TYPES_H
| # include <sys/types.h>
| #endif
| #ifdef HAVE_SYS_STAT_H
| # include <sys/stat.h>
| #endif
| #ifdef STDC_HEADERS
| # include <stdlib.h>
| # include <stddef.h>
| #else
| # ifdef HAVE_STDLIB_H
| #  include <stdlib.h>
| # endif
| #endif
| #ifdef HAVE_STRING_H
| # if !defined STDC_HEADERS && defined HAVE_MEMORY_H
| #  include <memory.h>
| # endif
| # include <string.h>
| #endif
| #ifdef HAVE_STRINGS_H
| # include <strings.h>
| #endif
| #ifdef HAVE_INTTYPES_H
| # include <inttypes.h>
| #endif
| #ifdef HAVE_STDINT_H
| # include <stdint.h>
| #endif
| #ifdef HAVE_UNISTD_H
| # include <unistd.h>
| #endif
| #include <minix/config.h>
configure:4761: result: no
configure:4761: checking minix/config.h presence
configure:4761: /usr/lind_project/repy/sdk/toolchain/linux_x86_glibc/bin/x86_64-nacl-gcc -E  conftest.c
conftest.c:21:26: error: minix/config.h: No such file or directory
configure:4761: $? = 1
configure: failed program was:
| /* confdefs.h */
| #define PACKAGE_NAME ""
| #define PACKAGE_TARNAME ""
| #define PACKAGE_VERSION ""
| #define PACKAGE_STRING ""
| #define PACKAGE_BUGREPORT ""
| #define PACKAGE_URL ""
| #define PACKAGE "gprof"
| #define VERSION "2.24"
| #define STDC_HEADERS 1
| #define HAVE_SYS_TYPES_H 1
| #define HAVE_SYS_STAT_H 1
| #define HAVE_STDLIB_H 1
| #define HAVE_STRING_H 1
| #define HAVE_MEMORY_H 1
| #define HAVE_STRINGS_H 1
| #define HAVE_INTTYPES_H 1
| #define HAVE_STDINT_H 1
| #define HAVE_UNISTD_H 1
| /* end confdefs.h.  */
| #include <minix/config.h>
configure:4761: result: no
configure:4761: checking for minix/config.h
configure:4761: result: no
configure:4782: checking whether it is safe to define __EXTENSIONS__
configure:4800: /usr/lind_project/repy/sdk/toolchain/linux_x86_glibc/bin/x86_64-nacl-gcc -c -g -O2  conftest.c >&5
configure:4800: $? = 0
configure:4807: result: yes
configure:4866: checking for special C compiler options needed for large files
configure:4911: result: no
configure:4917: checking for _FILE_OFFSET_BITS value needed for large files
configure:4942: /usr/lind_project/repy/sdk/toolchain/linux_x86_glibc/bin/x86_64-nacl-gcc -c -g -O2  conftest.c >&5
configure:4942: $? = 0
configure:4974: result: no
configure:5106: checking how to print strings
configure:5133: result: printf
configure:5154: checking for a sed that does not truncate output
configure:5218: result: /bin/sed
configure:5236: checking for fgrep
configure:5298: result: /bin/grep -F
configure:5333: checking for ld used by /usr/lind_project/repy/sdk/toolchain/linux_x86_glibc/bin/x86_64-nacl-gcc
configure:5400: result: /usr/lind_project/repy/sdk/toolchain/linux_x86_glibc/bin/../lib/gcc/x86_64-nacl/4.4.3/../../../../x86_64-nacl/bin/ld
configure:5407: checking if the linker (/usr/lind_project/repy/sdk/toolchain/linux_x86_glibc/bin/../lib/gcc/x86_64-nacl/4.4.3/../../../../x86_64-nacl/bin/ld) is GNU ld
configure:5422: result: yes
configure:5434: checking for BSD- or MS-compatible name lister (nm)
configure:5483: result: x86_64-nm
configure:5613: checking the name lister (x86_64-nm) interface
configure:5620: /usr/lind_project/repy/sdk/toolchain/linux_x86_glibc/bin/x86_64-nacl-gcc -c -g -O2  conftest.c >&5
configure:5623: x86_64-nm "conftest.o"
/home/liyiwen/Documents/Projects/cages/caging/experiments/gnu_binutils/binutils-2.24/gprof/configure: line 5624: x86_64-nm: command not found
configure:5626: output
configure:5633: result: BSD nm
configure:5636: checking whether ln -s works
configure:5640: result: yes
configure:5648: checking the maximum length of command line arguments
configure:5773: result: 3458764513820540925
configure:5790: checking whether the shell understands some XSI constructs
configure:5800: result: yes
configure:5804: checking whether the shell understands "+="
configure:5810: result: yes
configure:5845: checking for /usr/lind_project/repy/sdk/toolchain/linux_x86_glibc/bin/../lib/gcc/x86_64-nacl/4.4.3/../../../../x86_64-nacl/bin/ld option to reload object files
configure:5852: result: -r
configure:5881: checking for x86_64-objdump
configure:5908: result: x86_64-objdump
configure:5980: checking how to recognize dependent libraries
configure:6181: result: unknown
configure:6201: checking for x86_64-ar
configure:6228: result: x86_64-ar
configure:6306: checking for x86_64-strip
configure:6333: result: strip
configure:6405: checking for x86_64-ranlib
configure:6432: result: true
configure:6574: checking command to parse x86_64-nm output from /usr/lind_project/repy/sdk/toolchain/linux_x86_glibc/bin/x86_64-nacl-gcc object
configure:6692: /usr/lind_project/repy/sdk/toolchain/linux_x86_glibc/bin/x86_64-nacl-gcc -c -g -O2  conftest.c >&5
configure:6695: $? = 0
configure:6699: x86_64-nm conftest.o \| sed -n -e 's/^.*[ ]\([BCDEGRST][BCDEGRST]*\)[ ][ ]*\([_A-Za-z][_A-Za-z0-9]*\)$/\1 \2 \2/p' \> conftest.nm
/home/liyiwen/Documents/Projects/cages/caging/experiments/gnu_binutils/binutils-2.24/gprof/configure: line 6700: x86_64-nm: command not found
configure:6702: $? = 0
cannot run sed -n -e 's/^.*[	 ]\([BCDEGRST][BCDEGRST]*\)[	 ][	 ]*\([_A-Za-z][_A-Za-z0-9]*\)$/\1 \2 \2/p'
configure:6692: /usr/lind_project/repy/sdk/toolchain/linux_x86_glibc/bin/x86_64-nacl-gcc -c -g -O2  conftest.c >&5
configure:6695: $? = 0
configure:6699: x86_64-nm conftest.o \| sed -n -e 's/^.*[ ]\([BCDEGRST][BCDEGRST]*\)[ ][ ]*_\([_A-Za-z][_A-Za-z0-9]*\)$/\1 _\2 \2/p' \> conftest.nm
/home/liyiwen/Documents/Projects/cages/caging/experiments/gnu_binutils/binutils-2.24/gprof/configure: line 6700: x86_64-nm: command not found
configure:6702: $? = 0
cannot run sed -n -e 's/^.*[	 ]\([BCDEGRST][BCDEGRST]*\)[	 ][	 ]*_\([_A-Za-z][_A-Za-z0-9]*\)$/\1 _\2 \2/p'
configure:6794: result: failed
configure:7645: checking for dlfcn.h
configure:7645: /usr/lind_project/repy/sdk/toolchain/linux_x86_glibc/bin/x86_64-nacl-gcc -c -g -O2  conftest.c >&5
configure:7645: $? = 0
configure:7645: result: yes
configure:7832: checking for objdir
configure:7847: result: .libs
configure:8118: checking if /usr/lind_project/repy/sdk/toolchain/linux_x86_glibc/bin/x86_64-nacl-gcc supports -fno-rtti -fno-exceptions
configure:8136: /usr/lind_project/repy/sdk/toolchain/linux_x86_glibc/bin/x86_64-nacl-gcc -c -g -O2  -fno-rtti -fno-exceptions conftest.c >&5
cc1: warning: command line option "-fno-rtti" is valid for C++/ObjC++ but not for C
configure:8140: $? = 0
configure:8153: result: no
configure:8173: checking for /usr/lind_project/repy/sdk/toolchain/linux_x86_glibc/bin/x86_64-nacl-gcc option to produce PIC
configure:8459: result: -fPIC -DPIC
configure:8471: checking if /usr/lind_project/repy/sdk/toolchain/linux_x86_glibc/bin/x86_64-nacl-gcc PIC flag -fPIC -DPIC works
configure:8489: /usr/lind_project/repy/sdk/toolchain/linux_x86_glibc/bin/x86_64-nacl-gcc -c -g -O2  -fPIC -DPIC -DPIC conftest.c >&5
configure:8493: $? = 0
configure:8506: result: yes
configure:8530: checking if /usr/lind_project/repy/sdk/toolchain/linux_x86_glibc/bin/x86_64-nacl-gcc static flag -static works
x86_64-nacl-gcc: unrecognized option '-static-libstdc++'
configure:8558: result: yes
configure:8573: checking if /usr/lind_project/repy/sdk/toolchain/linux_x86_glibc/bin/x86_64-nacl-gcc supports -c -o file.o
configure:8594: /usr/lind_project/repy/sdk/toolchain/linux_x86_glibc/bin/x86_64-nacl-gcc -c -g -O2  -o out/conftest2.o conftest.c >&5
configure:8598: $? = 0
configure:8620: result: yes
configure:8628: checking if /usr/lind_project/repy/sdk/toolchain/linux_x86_glibc/bin/x86_64-nacl-gcc supports -c -o file.o
configure:8675: result: yes
configure:8708: checking whether the /usr/lind_project/repy/sdk/toolchain/linux_x86_glibc/bin/x86_64-nacl-gcc linker (/usr/lind_project/repy/sdk/toolchain/linux_x86_glibc/bin/../lib/gcc/x86_64-nacl/4.4.3/../../../../x86_64-nacl/bin/ld) supports shared libraries
configure:9779: result: yes
configure:9816: checking whether -lc should be explicitly linked in
configure:9824: /usr/lind_project/repy/sdk/toolchain/linux_x86_glibc/bin/x86_64-nacl-gcc -c -g -O2  conftest.c >&5
configure:9827: $? = 0
configure:9842: /usr/lind_project/repy/sdk/toolchain/linux_x86_glibc/bin/x86_64-nacl-gcc -shared conftest.o  -v -Wl,-soname -Wl,conftest -o conftest 2\>\&1 \| /bin/grep  -lc  \>/dev/null 2\>\&1
configure:9845: $? = 0
configure:9859: result: no
configure:10024: checking dynamic linker characteristics
configure:10697: result: no
configure:10804: checking how to hardcode library paths into programs
configure:10829: result: immediate
configure:11369: checking whether stripping libraries is possible
configure:11374: result: yes
configure:11409: checking if libtool supports shared libraries
configure:11411: result: no
configure:11414: checking whether to build shared libraries
configure:11435: result: no
configure:11438: checking whether to build static libraries
configure:11442: result: yes
configure:11480: checking for setmode
configure:11480: /usr/lind_project/repy/sdk/toolchain/linux_x86_glibc/bin/x86_64-nacl-gcc -o conftest -g -O2  -static-libstdc++ -static-libgcc  conftest.c  >&5
x86_64-nacl-gcc: unrecognized option '-static-libstdc++'
/tmp/ccCjVTTL.o: In function `main':
/home/liyiwen/Documents/Projects/cages/caging/experiments/gnu_binutils/binutils-2.24/gprof/conftest.c:62: undefined reference to `setmode'
collect2: ld returned 1 exit status
configure:11480: $? = 1
configure: failed program was:
| /* confdefs.h */
| #define PACKAGE_NAME ""
| #define PACKAGE_TARNAME ""
| #define PACKAGE_VERSION ""
| #define PACKAGE_STRING ""
| #define PACKAGE_BUGREPORT ""
| #define PACKAGE_URL ""
| #define PACKAGE "gprof"
| #define VERSION "2.24"
| #define STDC_HEADERS 1
| #define HAVE_SYS_TYPES_H 1
| #define HAVE_SYS_STAT_H 1
| #define HAVE_STDLIB_H 1
| #define HAVE_STRING_H 1
| #define HAVE_MEMORY_H 1
| #define HAVE_STRINGS_H 1
| #define HAVE_INTTYPES_H 1
| #define HAVE_STDINT_H 1
| #define HAVE_UNISTD_H 1
| #define __EXTENSIONS__ 1
| #define _ALL_SOURCE 1
| #define _GNU_SOURCE 1
| #define _POSIX_PTHREAD_SEMANTICS 1
| #define _TANDEM_SOURCE 1
| #define HAVE_DLFCN_H 1
| #define LT_OBJDIR ".libs/"
| /* end confdefs.h.  */
| /* Define setmode to an innocuous variant, in case <limits.h> declares setmode.
|    For example, HP-UX 11i <limits.h> declares gettimeofday.  */
| #define setmode innocuous_setmode
| 
| /* System header to define __stub macros and hopefully few prototypes,
|     which can conflict with char setmode (); below.
|     Prefer <limits.h> to <assert.h> if __STDC__ is defined, since
|     <limits.h> exists even on freestanding compilers.  */
| 
| #ifdef __STDC__
| # include <limits.h>
| #else
| # include <assert.h>
| #endif
| 
| #undef setmode
| 
| /* Override any GCC internal prototype to avoid an error.
|    Use char because int might match the return type of a GCC
|    builtin and then its argument prototype would still apply.  */
| #ifdef __cplusplus
| extern "C"
| #endif
| char setmode ();
| /* The GNU C library defines this for functions which it implements
|     to always fail with ENOSYS.  Some functions are actually named
|     something starting with __ and the normal name is an alias.  */
| #if defined __stub_setmode || defined __stub___setmode
| choke me
| #endif
| 
| int
| main ()
| {
| return setmode ();
|   ;
|   return 0;
| }
configure:11480: result: no
configure:11504: checking whether NLS is requested
configure:11510: result: yes
configure:11516: checking for catalogs to be installed
configure:11548: result:  bg da de eo es fi fr ga id it ja ms nl pt_BR ro ru rw sr sv tr uk vi bg da de eo es fi fr ga id it ja ms nl pt_BR ro ru rw sr sv tr uk vi
configure:11575: checking whether NLS is requested
configure:11584: result: yes
configure:11622: checking for msgfmt
configure:11653: result: /usr/bin/msgfmt
configure:11662: checking for gmsgfmt
configure:11693: result: /usr/bin/msgfmt
configure:11733: checking for xgettext
configure:11764: result: /usr/bin/xgettext
configure:11804: checking for msgmerge
configure:11834: result: /usr/bin/msgmerge
configure:11871: checking whether to enable maintainer-specific portions of Makefiles
configure:11880: result: no
configure:11905: checking sys/gmon_out.h usability
configure:11905: /usr/lind_project/repy/sdk/toolchain/linux_x86_glibc/bin/x86_64-nacl-gcc -c -g -O2  conftest.c >&5
configure:11905: $? = 0
configure:11905: result: yes
configure:11905: checking sys/gmon_out.h presence
configure:11905: /usr/lind_project/repy/sdk/toolchain/linux_x86_glibc/bin/x86_64-nacl-gcc -E  conftest.c
configure:11905: $? = 0
configure:11905: result: yes
configure:11905: checking for sys/gmon_out.h
configure:11905: result: yes
configure:11916: checking for a known getopt prototype in unistd.h
configure:11932: /usr/lind_project/repy/sdk/toolchain/linux_x86_glibc/bin/x86_64-nacl-gcc -c -g -O2  conftest.c >&5
configure:11932: $? = 0
configure:11940: result: yes
configure:11949: checking for library containing fabs
configure:11980: /usr/lind_project/repy/sdk/toolchain/linux_x86_glibc/bin/x86_64-nacl-gcc -o conftest -g -O2  -static-libstdc++ -static-libgcc  conftest.c  >&5
x86_64-nacl-gcc: unrecognized option '-static-libstdc++'
conftest.c:38: warning: conflicting types for built-in function 'fabs'
/tmp/ccQhNxLa.o: In function `main':
/home/liyiwen/Documents/Projects/cages/caging/experiments/gnu_binutils/binutils-2.24/gprof/conftest.c:42: undefined reference to `fabs'
collect2: ld returned 1 exit status
configure:11980: $? = 1
configure: failed program was:
| /* confdefs.h */
| #define PACKAGE_NAME ""
| #define PACKAGE_TARNAME ""
| #define PACKAGE_VERSION ""
| #define PACKAGE_STRING ""
| #define PACKAGE_BUGREPORT ""
| #define PACKAGE_URL ""
| #define PACKAGE "gprof"
| #define VERSION "2.24"
| #define STDC_HEADERS 1
| #define HAVE_SYS_TYPES_H 1
| #define HAVE_SYS_STAT_H 1
| #define HAVE_STDLIB_H 1
| #define HAVE_STRING_H 1
| #define HAVE_MEMORY_H 1
| #define HAVE_STRINGS_H 1
| #define HAVE_INTTYPES_H 1
| #define HAVE_STDINT_H 1
| #define HAVE_UNISTD_H 1
| #define __EXTENSIONS__ 1
| #define _ALL_SOURCE 1
| #define _GNU_SOURCE 1
| #define _POSIX_PTHREAD_SEMANTICS 1
| #define _TANDEM_SOURCE 1
| #define HAVE_DLFCN_H 1
| #define LT_OBJDIR ".libs/"
| #define ENABLE_NLS 1
| #define HAVE_SYS_GMON_OUT_H 1
| #define HAVE_DECL_GETOPT 1
| /* end confdefs.h.  */
| 
| /* Override any GCC internal prototype to avoid an error.
|    Use char because int might match the return type of a GCC
|    builtin and then its argument prototype would still apply.  */
| #ifdef __cplusplus
| extern "C"
| #endif
| char fabs ();
| int
| main ()
| {
| return fabs ();
|   ;
|   return 0;
| }
configure:11980: /usr/lind_project/repy/sdk/toolchain/linux_x86_glibc/bin/x86_64-nacl-gcc -o conftest -g -O2  -static-libstdc++ -static-libgcc  conftest.c -lm   >&5
x86_64-nacl-gcc: unrecognized option '-static-libstdc++'
conftest.c:38: warning: conflicting types for built-in function 'fabs'
configure:11980: $? = 0
configure:11997: result: -lm
configure:12152: updating cache ./config.cache
configure:12213: creating ./config.status

## ---------------------- ##
## Running config.status. ##
## ---------------------- ##

This file was extended by config.status, which was
generated by GNU Autoconf 2.64.  Invocation command line was

  CONFIG_FILES    = 
  CONFIG_HEADERS  = 
  CONFIG_LINKS    = 
  CONFIG_COMMANDS = 
  $ ./config.status 

on laputa

config.status:1103: creating Makefile
config.status:1103: creating po/Makefile.in
config.status:1103: creating gconfig.h
config.status:1323: executing depfiles commands
config.status:1323: executing libtool commands
config.status:1323: executing default-1 commands

## ---------------- ##
## Cache variables. ##
## ---------------- ##

ac_cv_build=x86_64-unknown-linux-gnu
ac_cv_c_compiler_gnu=yes
ac_cv_env_CC_set=set
ac_cv_env_CC_value=/usr/lind_project/repy/sdk/toolchain/linux_x86_glibc/bin/x86_64-nacl-gcc
ac_cv_env_CFLAGS_set=set
ac_cv_env_CFLAGS_value='-g -O2'
ac_cv_env_CPPFLAGS_set=
ac_cv_env_CPPFLAGS_value=
ac_cv_env_CPP_set=
ac_cv_env_CPP_value=
ac_cv_env_LDFLAGS_set=set
ac_cv_env_LDFLAGS_value='-static-libstdc++ -static-libgcc '
ac_cv_env_LIBS_set=
ac_cv_env_LIBS_value=
ac_cv_env_build_alias_set=set
ac_cv_env_build_alias_value=x86_64-unknown-linux-gnu
ac_cv_env_host_alias_set=set
ac_cv_env_host_alias_value=x86_64
ac_cv_env_target_alias_set=set
ac_cv_env_target_alias_value=x86_64-nacl
ac_cv_func_setmode=no
ac_cv_header_dlfcn_h=yes
ac_cv_header_inttypes_h=yes
ac_cv_header_memory_h=yes
ac_cv_header_minix_config_h=no
ac_cv_header_stdc=yes
ac_cv_header_stdint_h=yes
ac_cv_header_stdlib_h=yes
ac_cv_header_string_h=yes
ac_cv_header_strings_h=yes
ac_cv_header_sys_gmon_out_h=yes
ac_cv_header_sys_stat_h=yes
ac_cv_header_sys_types_h=yes
ac_cv_header_unistd_h=yes
ac_cv_host=x86_64-pc-none
ac_cv_objext=o
ac_cv_path_EGREP='/bin/grep -E'
ac_cv_path_FGREP='/bin/grep -F'
ac_cv_path_GMSGFMT=/usr/bin/msgfmt
ac_cv_path_GREP=/bin/grep
ac_cv_path_MSGFMT=/usr/bin/msgfmt
ac_cv_path_MSGMERGE=/usr/bin/msgmerge
ac_cv_path_SED=/bin/sed
ac_cv_path_XGETTEXT=/usr/bin/xgettext
ac_cv_path_mkdir=/bin/mkdir
ac_cv_prog_AR=x86_64-ar
ac_cv_prog_AWK=gawk
ac_cv_prog_CC=/usr/lind_project/repy/sdk/toolchain/linux_x86_glibc/bin/x86_64-nacl-gcc
ac_cv_prog_CPP='/usr/lind_project/repy/sdk/toolchain/linux_x86_glibc/bin/x86_64-nacl-gcc -E'
ac_cv_prog_OBJDUMP=x86_64-objdump
ac_cv_prog_RANLIB=true
ac_cv_prog_STRIP=strip
ac_cv_prog_ac_ct_STRIP=strip
ac_cv_prog_cc_c89=
ac_cv_prog_cc_g=yes
ac_cv_prog_make_make_set=yes
ac_cv_safe_to_define___extensions__=yes
ac_cv_search_fabs=-lm
ac_cv_search_strerror='none required'
ac_cv_sys_file_offset_bits=no
ac_cv_sys_largefile_CC=no
ac_cv_target=x86_64-pc-nacl
am_cv_CC_dependencies_compiler_type=gcc3
gprof_cv_decl_getopt_unistd_h=yes
lt_cv_archive_cmds_need_lc=no
lt_cv_deplibs_check_method=unknown
lt_cv_file_magic_cmd='$MAGIC_CMD'
lt_cv_file_magic_test_file=
lt_cv_ld_reload_flag=-r
lt_cv_nm_interface='BSD nm'
lt_cv_objdir=.libs
lt_cv_path_LD=/usr/lind_project/repy/sdk/toolchain/linux_x86_glibc/bin/../lib/gcc/x86_64-nacl/4.4.3/../../../../x86_64-nacl/bin/ld
lt_cv_path_NM=x86_64-nm
lt_cv_prog_compiler_c_o=yes
lt_cv_prog_compiler_pic_works=yes
lt_cv_prog_compiler_rtti_exceptions=no
lt_cv_prog_compiler_static_works=yes
lt_cv_prog_gnu_ld=yes
lt_cv_sys_global_symbol_pipe=
lt_cv_sys_global_symbol_to_c_name_address='sed -n -e '\''s/^: \([^ ]*\) $/  {\"\1\", (void *) 0},/p'\'' -e '\''s/^[BCDEGRST]* \([^ ]*\) \([^ ]*\)$/  {"\2", (void *) \&\2},/p'\'''
lt_cv_sys_global_symbol_to_c_name_address_lib_prefix='sed -n -e '\''s/^: \([^ ]*\) $/  {\"\1\", (void *) 0},/p'\'' -e '\''s/^[BCDEGRST]* \([^ ]*\) \(lib[^ ]*\)$/  {"\2", (void *) \&\2},/p'\'' -e '\''s/^[BCDEGRST]* \([^ ]*\) \([^ ]*\)$/  {"lib\2", (void *) \&\2},/p'\'''
lt_cv_sys_global_symbol_to_cdecl=
lt_cv_sys_max_cmd_len=3458764513820540925

## ----------------- ##
## Output variables. ##
## ----------------- ##

ACLOCAL='${SHELL} /home/liyiwen/Documents/Projects/cages/caging/experiments/gnu_binutils/binutils-2.24/missing --run aclocal-1.11'
AMDEPBACKSLASH='\'
AMDEP_FALSE='#'
AMDEP_TRUE=''
AMTAR='${SHELL} /home/liyiwen/Documents/Projects/cages/caging/experiments/gnu_binutils/binutils-2.24/missing --run tar'
AR='x86_64-ar'
AUTOCONF='${SHELL} /home/liyiwen/Documents/Projects/cages/caging/experiments/gnu_binutils/binutils-2.24/missing --run autoconf'
AUTOHEADER='${SHELL} /home/liyiwen/Documents/Projects/cages/caging/experiments/gnu_binutils/binutils-2.24/missing --run autoheader'
AUTOMAKE='${SHELL} /home/liyiwen/Documents/Projects/cages/caging/experiments/gnu_binutils/binutils-2.24/missing --run automake-1.11'
AWK='gawk'
CATALOGS=' bg.gmo da.gmo de.gmo eo.gmo es.gmo fi.gmo fr.gmo ga.gmo id.gmo it.gmo ja.gmo ms.gmo nl.gmo pt_BR.gmo ro.gmo ru.gmo rw.gmo sr.gmo sv.gmo tr.gmo uk.gmo vi.gmo bg.gmo da.gmo de.gmo eo.gmo es.gmo fi.gmo fr.gmo ga.gmo id.gmo it.gmo ja.gmo ms.gmo nl.gmo pt_BR.gmo ro.gmo ru.gmo rw.gmo sr.gmo sv.gmo tr.gmo uk.gmo vi.gmo'
CATOBJEXT='.gmo'
CC='/usr/lind_project/repy/sdk/toolchain/linux_x86_glibc/bin/x86_64-nacl-gcc'
CCDEPMODE='depmode=gcc3'
CFLAGS='-g -O2'
CPP='/usr/lind_project/repy/sdk/toolchain/linux_x86_glibc/bin/x86_64-nacl-gcc -E'
CPPFLAGS=''
CYGPATH_W='echo'
DATADIRNAME='share'
DEFS='-DHAVE_CONFIG_H'
DEPDIR='.deps'
DSYMUTIL=''
DUMPBIN=''
ECHO_C=''
ECHO_N='-n'
ECHO_T=''
EGREP='/bin/grep -E'
EXEEXT=''
FGREP='/bin/grep -F'
GENCAT='gencat'
GENINSRC_NEVER_FALSE=''
GENINSRC_NEVER_TRUE='#'
GMSGFMT='/usr/bin/msgfmt'
GREP='/bin/grep'
INCINTL=''
INSTALL_DATA='/usr/bin/install -c -m 644'
INSTALL_PROGRAM='/usr/bin/install -c'
INSTALL_SCRIPT='/usr/bin/install -c'
INSTALL_STRIP_PROGRAM='$(install_sh) -c -s'
INSTOBJEXT='.mo'
LD='/usr/lind_project/repy/sdk/toolchain/linux_x86_glibc/bin/../lib/gcc/x86_64-nacl/4.4.3/../../../../x86_64-nacl/bin/ld'
LDFLAGS='-static-libstdc++ -static-libgcc '
LIBINTL=''
LIBINTL_DEP=''
LIBOBJS=''
LIBS='-lm '
LIBTOOL='$(SHELL) $(top_builddir)/libtool'
LIPO=''
LN_S='ln -s'
LTLIBOBJS=''
MAINT='#'
MAINTAINER_MODE_FALSE=''
MAINTAINER_MODE_TRUE='#'
MAKEINFO='makeinfo --split-size=5000000'
MKDIR_P='/bin/mkdir -p'
MKINSTALLDIRS='$(top_builddir)/./../mkinstalldirs'
MSGFMT='/usr/bin/msgfmt'
MSGMERGE='/usr/bin/msgmerge'
NM='x86_64-nm'
NMEDIT=''
NO_WERROR='-Wno-error'
OBJDUMP='x86_64-objdump'
OBJEXT='o'
OTOOL64=''
OTOOL=''
PACKAGE='gprof'
PACKAGE_BUGREPORT=''
PACKAGE_NAME=''
PACKAGE_STRING=''
PACKAGE_TARNAME=''
PACKAGE_URL=''
PACKAGE_VERSION=''
PATH_SEPARATOR=':'
POSUB='po'
RANLIB='true'
SED='/bin/sed'
SET_MAKE=''
SHELL='/bin/bash'
STRIP='strip'
USE_NLS='yes'
VERSION='2.24'
WARN_CFLAGS='-W -Wall -Wstrict-prototypes -Wmissing-prototypes -Wshadow -Werror'
XGETTEXT='/usr/bin/xgettext'
ac_ct_CC=''
ac_ct_DUMPBIN=''
am__EXEEXT_FALSE=''
am__EXEEXT_TRUE='#'
am__fastdepCC_FALSE='#'
am__fastdepCC_TRUE=''
am__include='include'
am__isrc=''
am__leading_dot='.'
am__quote=''
am__tar='${AMTAR} chof - "$$tardir"'
am__untar='${AMTAR} xf -'
bindir='${exec_prefix}/bin'
build='x86_64-unknown-linux-gnu'
build_alias='x86_64-unknown-linux-gnu'
build_cpu='x86_64'
build_os='linux-gnu'
build_vendor='unknown'
datadir='${datarootdir}'
datarootdir='${prefix}/share'
docdir='${datarootdir}/doc/${PACKAGE}'
dvidir='${docdir}'
exec_prefix='${prefix}'
host='x86_64-pc-none'
host_alias='x86_64'
host_cpu='x86_64'
host_os='none'
host_vendor='pc'
htmldir='${docdir}'
includedir='${prefix}/include'
infodir='${datarootdir}/info'
install_sh='${SHELL} /home/liyiwen/Documents/Projects/cages/caging/experiments/gnu_binutils/binutils-2.24/install-sh'
libdir='${exec_prefix}/lib'
libexecdir='${exec_prefix}/libexec'
localedir='${datarootdir}/locale'
localstatedir='${prefix}/var'
mandir='${datarootdir}/man'
mkdir_p='/bin/mkdir -p'
oldincludedir='/usr/include'
pdfdir='${docdir}'
prefix='/home/liyiwen/Documents/Projects/cages/caging/experiments/gnu_binutils/binutils-2.24'
program_transform_name='s&^&x86_64-nacl-&'
psdir='${docdir}'
sbindir='${exec_prefix}/sbin'
sharedstatedir='${prefix}/com'
sysconfdir='${prefix}/etc'
target='x86_64-pc-nacl'
target_alias='x86_64-nacl'
target_cpu='x86_64'
target_os='nacl'
target_vendor='pc'

## ----------- ##
## confdefs.h. ##
## ----------- ##

/* confdefs.h */
#define PACKAGE_NAME ""
#define PACKAGE_TARNAME ""
#define PACKAGE_VERSION ""
#define PACKAGE_STRING ""
#define PACKAGE_BUGREPORT ""
#define PACKAGE_URL ""
#define PACKAGE "gprof"
#define VERSION "2.24"
#define STDC_HEADERS 1
#define HAVE_SYS_TYPES_H 1
#define HAVE_SYS_STAT_H 1
#define HAVE_STDLIB_H 1
#define HAVE_STRING_H 1
#define HAVE_MEMORY_H 1
#define HAVE_STRINGS_H 1
#define HAVE_INTTYPES_H 1
#define HAVE_STDINT_H 1
#define HAVE_UNISTD_H 1
#define __EXTENSIONS__ 1
#define _ALL_SOURCE 1
#define _GNU_SOURCE 1
#define _POSIX_PTHREAD_SEMANTICS 1
#define _TANDEM_SOURCE 1
#define HAVE_DLFCN_H 1
#define LT_OBJDIR ".libs/"
#define ENABLE_NLS 1
#define HAVE_SYS_GMON_OUT_H 1
#define HAVE_DECL_GETOPT 1

configure: exit 0
