This file contains any messages produced by compilers while
running configure, to aid debugging if configure makes a mistake.

It was created by configure, which was
generated by GNU Autoconf 2.64.  Invocation command line was

  $ ./configure --prefix=/home/liyiwen/Documents/Projects/cages/caging/experiments/gnu_binutils/binutils-2.24 --host=x86_64 --target=x86_64-nacl

## --------- ##
## Platform. ##
## --------- ##

hostname = laputa
uname -m = x86_64
uname -r = 3.13.0-133-generic
uname -s = Linux
uname -v = #182-Ubuntu SMP Tue Sep 19 15:49:21 UTC 2017

/usr/bin/uname -p = unknown
/bin/uname -X     = unknown

/bin/arch              = unknown
/usr/bin/arch -k       = unknown
/usr/convex/getsysinfo = unknown
/usr/bin/hostinfo      = unknown
/bin/machine           = unknown
/usr/bin/oslevel       = unknown
/bin/universe          = unknown

PATH: /usr/lind_project/depot_tools
PATH: /usr/local/sbin
PATH: /usr/local/bin
PATH: /usr/sbin
PATH: /usr/bin
PATH: /sbin
PATH: /bin
PATH: /usr/games
PATH: /usr/local/games


## ----------- ##
## Core tests. ##
## ----------- ##

configure:2317: checking build system type
configure:2331: result: x86_64-unknown-linux-gnu
configure:2378: checking host system type
configure:2391: result: x86_64-pc-none
configure:2411: checking target system type
configure:2424: result: x86_64-pc-nacl
configure:2478: checking for a BSD-compatible install
configure:2546: result: /usr/bin/install -c
configure:2557: checking whether ln works
configure:2579: result: yes
configure:2583: checking whether ln -s works
configure:2587: result: yes
configure:2594: checking for a sed that does not truncate output
configure:2658: result: /bin/sed
configure:2667: checking for gawk
configure:2683: found /usr/bin/gawk
configure:2694: result: gawk
configure:3922: checking for x86_64-gcc
configure:3949: result: /usr/lind_project/repy/sdk/toolchain/linux_x86_glibc/bin/x86_64-nacl-gcc
configure:4218: checking for C compiler version
configure:4227: /usr/lind_project/repy/sdk/toolchain/linux_x86_glibc/bin/x86_64-nacl-gcc --version >&5
x86_64-nacl-gcc (GCC) 4.4.3
Copyright (C) 2010 Free Software Foundation, Inc.
This is free software; see the source for copying conditions.  There is NO
warranty; not even for MERCHANTABILITY or FITNESS FOR A PARTICULAR PURPOSE.

configure:4238: $? = 0
configure:4227: /usr/lind_project/repy/sdk/toolchain/linux_x86_glibc/bin/x86_64-nacl-gcc -v >&5
Using built-in specs.
Target: x86_64-nacl
Configured with: /usr/lind_project/lind/nacl/native_client/tools/SRC/gcc/configure CC='gcc -m32' CFLAGS='-O2 -g -Dinhibit_libc -D__gthr_posix_h' LDFLAGS=-s 'CFLAGS_FOR_TARGET=-O2 -g ' 'CXXFLAGS_FOR_TARGET=-O2 -g ' --prefix=/usr/lind_project/lind/nacl/native_client/tools/out/nacl-sdk --disable-decimal-float --disable-libgomp --disable-libmudflap --disable-libssp --disable-libstdcxx-pch --target=x86_64-nacl --enable-linker-build-id --with-gmp=/usr/lind_project/lind/nacl/native_client/tools/BUILD/.gcc-extra-install-gmp --with-mpfr=/usr/lind_project/lind/nacl/native_client/tools/BUILD/.gcc-extra-install-mpfr --with-ppl=/usr/lind_project/lind/nacl/native_client/tools/BUILD/.gcc-extra-install-ppl --with-host-libstdcxx='-lpwl -Wl,-Bstatic -lstdc++ -Wl,-Bdynamic -lm' --with-cloog=/usr/lind_project/lind/nacl/native_client/tools/BUILD/.gcc-extra-install-cloog-ppl --disable-ppl-version-check --enable-shared --enable-languages=c,c++,objc,obj-c++,fortran --enable-threads=posix --enable-tls
Thread model: posix
gcc version 4.4.3 (GCC) 
configure:4238: $? = 0
configure:4227: /usr/lind_project/repy/sdk/toolchain/linux_x86_glibc/bin/x86_64-nacl-gcc -V >&5
x86_64-nacl-gcc: '-V' option must have argument
configure:4238: $? = 1
configure:4227: /usr/lind_project/repy/sdk/toolchain/linux_x86_glibc/bin/x86_64-nacl-gcc -qversion >&5
x86_64-nacl-gcc: unrecognized option '-qversion'
x86_64-nacl-gcc: no input files
configure:4238: $? = 1
configure:4258: checking for C compiler default output file name
configure:4280: /usr/lind_project/repy/sdk/toolchain/linux_x86_glibc/bin/x86_64-nacl-gcc    conftest.c  >&5
configure:4284: $? = 0
configure:4321: result: a.out
configure:4337: checking whether the C compiler works
configure:4346: ./a.out
./configure: line 4348: ./a.out: No such file or directory
configure:4350: $? = 127
configure:4365: result: yes
configure:4372: checking whether we are cross compiling
configure:4374: result: yes
configure:4377: checking for suffix of executables
configure:4384: /usr/lind_project/repy/sdk/toolchain/linux_x86_glibc/bin/x86_64-nacl-gcc -o conftest    conftest.c  >&5
configure:4388: $? = 0
configure:4410: result: 
configure:4416: checking for suffix of object files
configure:4438: /usr/lind_project/repy/sdk/toolchain/linux_x86_glibc/bin/x86_64-nacl-gcc -c   conftest.c >&5
configure:4442: $? = 0
configure:4463: result: o
configure:4467: checking whether we are using the GNU C compiler
configure:4486: /usr/lind_project/repy/sdk/toolchain/linux_x86_glibc/bin/x86_64-nacl-gcc -c   conftest.c >&5
configure:4486: $? = 0
configure:4495: result: yes
configure:4504: checking whether /usr/lind_project/repy/sdk/toolchain/linux_x86_glibc/bin/x86_64-nacl-gcc accepts -g
configure:4524: /usr/lind_project/repy/sdk/toolchain/linux_x86_glibc/bin/x86_64-nacl-gcc -c -g  conftest.c >&5
configure:4524: $? = 0
configure:4565: result: yes
configure:4582: checking for /usr/lind_project/repy/sdk/toolchain/linux_x86_glibc/bin/x86_64-nacl-gcc option to accept ISO C89
configure:4646: /usr/lind_project/repy/sdk/toolchain/linux_x86_glibc/bin/x86_64-nacl-gcc  -c -g -O2  conftest.c >&5
configure:4646: $? = 0
configure:4659: result: none needed
configure:4693: checking for x86_64-g++
configure:4723: result: no
configure:4693: checking for x86_64-c++
configure:4723: result: no
configure:4693: checking for x86_64-gpp
configure:4723: result: no
configure:4693: checking for x86_64-aCC
configure:4723: result: no
configure:4693: checking for x86_64-CC
configure:4723: result: no
configure:4693: checking for x86_64-cxx
configure:4723: result: no
configure:4693: checking for x86_64-cc++
configure:4723: result: no
configure:4693: checking for x86_64-cl.exe
configure:4723: result: no
configure:4693: checking for x86_64-FCC
configure:4723: result: no
configure:4693: checking for x86_64-KCC
configure:4723: result: no
configure:4693: checking for x86_64-RCC
configure:4723: result: no
configure:4693: checking for x86_64-xlC_r
configure:4723: result: no
configure:4693: checking for x86_64-xlC
configure:4723: result: no
configure:4737: checking for g++
configure:4753: found /usr/bin/g++
configure:4764: result: g++
configure:4780: WARNING: using cross tools not prefixed with host triplet
configure:4791: checking for C++ compiler version
configure:4800: g++ --version >&5
g++ (Ubuntu 4.8.4-2ubuntu1~14.04.3) 4.8.4
Copyright (C) 2013 Free Software Foundation, Inc.
This is free software; see the source for copying conditions.  There is NO
warranty; not even for MERCHANTABILITY or FITNESS FOR A PARTICULAR PURPOSE.

configure:4811: $? = 0
configure:4800: g++ -v >&5
Using built-in specs.
COLLECT_GCC=g++
COLLECT_LTO_WRAPPER=/usr/lib/gcc/x86_64-linux-gnu/4.8/lto-wrapper
Target: x86_64-linux-gnu
Configured with: ../src/configure -v --with-pkgversion='Ubuntu 4.8.4-2ubuntu1~14.04.3' --with-bugurl=file:///usr/share/doc/gcc-4.8/README.Bugs --enable-languages=c,c++,java,go,d,fortran,objc,obj-c++ --prefix=/usr --program-suffix=-4.8 --enable-shared --enable-linker-build-id --libexecdir=/usr/lib --without-included-gettext --enable-threads=posix --with-gxx-include-dir=/usr/include/c++/4.8 --libdir=/usr/lib --enable-nls --with-sysroot=/ --enable-clocale=gnu --enable-libstdcxx-debug --enable-libstdcxx-time=yes --enable-gnu-unique-object --disable-libmudflap --enable-plugin --with-system-zlib --disable-browser-plugin --enable-java-awt=gtk --enable-gtk-cairo --with-java-home=/usr/lib/jvm/java-1.5.0-gcj-4.8-amd64/jre --enable-java-home --with-jvm-root-dir=/usr/lib/jvm/java-1.5.0-gcj-4.8-amd64 --with-jvm-jar-dir=/usr/lib/jvm-exports/java-1.5.0-gcj-4.8-amd64 --with-arch-directory=amd64 --with-ecj-jar=/usr/share/java/eclipse-ecj.jar --enable-objc-gc --enable-multiarch --disable-werror --with-arch-32=i686 --with-abi=m64 --with-multilib-list=m32,m64,mx32 --with-tune=generic --enable-checking=release --build=x86_64-linux-gnu --host=x86_64-linux-gnu --target=x86_64-linux-gnu
Thread model: posix
gcc version 4.8.4 (Ubuntu 4.8.4-2ubuntu1~14.04.3) 
configure:4811: $? = 0
configure:4800: g++ -V >&5
g++: error: unrecognized command line option '-V'
g++: fatal error: no input files
compilation terminated.
configure:4811: $? = 4
configure:4800: g++ -qversion >&5
g++: error: unrecognized command line option '-qversion'
g++: fatal error: no input files
compilation terminated.
configure:4811: $? = 4
configure:4815: checking whether we are using the GNU C++ compiler
configure:4834: g++ -c   conftest.cpp >&5
configure:4834: $? = 0
configure:4843: result: yes
configure:4852: checking whether g++ accepts -g
configure:4872: g++ -c -g  conftest.cpp >&5
configure:4872: $? = 0
configure:4913: result: yes
configure:4962: checking whether g++ accepts -static-libstdc++ -static-libgcc
configure:4979: g++ -o conftest -g -O2   -static-libstdc++ -static-libgcc conftest.cpp  >&5
configure:4979: $? = 0
configure:4980: result: yes
configure:5004: checking for x86_64-gnatbind
configure:5034: result: no
configure:5044: checking for gnatbind
configure:5074: result: no
configure:5096: checking for x86_64-gnatmake
configure:5126: result: no
configure:5136: checking for gnatmake
configure:5166: result: no
configure:5185: checking whether compiler driver understands Ada
configure:5208: result: no
configure:5217: checking how to compare bootstrapped objects
configure:5242: result: cmp --ignore-initial=16 $$f1 $$f2
configure:5296: checking for objdir
configure:5311: result: .libs
configure:5883: checking for version 0.10 of ISL
configure:5911: result: yes
configure:6065: checking for version 0.17.0 of CLooG
configure:6082: /usr/lind_project/repy/sdk/toolchain/linux_x86_glibc/bin/x86_64-nacl-gcc -c -g -O2 -DCLOOG_INT_GMP     conftest.c >&5
conftest.c:10:27: error: cloog/version.h: No such file or directory
conftest.c: In function 'main':
conftest.c:15: error: 'choke' undeclared (first use in this function)
conftest.c:15: error: (Each undeclared identifier is reported only once
conftest.c:15: error: for each function it appears in.)
conftest.c:15: error: expected ';' before 'me'
configure:6082: $? = 1
configure: failed program was:
| /* confdefs.h */
| #define PACKAGE_NAME ""
| #define PACKAGE_TARNAME ""
| #define PACKAGE_VERSION ""
| #define PACKAGE_STRING ""
| #define PACKAGE_BUGREPORT ""
| #define PACKAGE_URL ""
| #define LT_OBJDIR ".libs/"
| /* end confdefs.h.  */
| #include "cloog/version.h"
| int
| main ()
| {
| #if CLOOG_VERSION_MAJOR != 0     || CLOOG_VERSION_MINOR != 17     || CLOOG_VERSION_REVISION < 0
|     choke me
|    #endif
|   ;
|   return 0;
| }
configure:6088: result: no
configure:6107: checking for version 0.18.0 of CLooG
configure:6124: /usr/lind_project/repy/sdk/toolchain/linux_x86_glibc/bin/x86_64-nacl-gcc -c -g -O2 -DCLOOG_INT_GMP     conftest.c >&5
conftest.c:10:27: error: cloog/version.h: No such file or directory
conftest.c: In function 'main':
conftest.c:15: error: 'choke' undeclared (first use in this function)
conftest.c:15: error: (Each undeclared identifier is reported only once
conftest.c:15: error: for each function it appears in.)
conftest.c:15: error: expected ';' before 'me'
configure:6124: $? = 1
configure: failed program was:
| /* confdefs.h */
| #define PACKAGE_NAME ""
| #define PACKAGE_TARNAME ""
| #define PACKAGE_VERSION ""
| #define PACKAGE_STRING ""
| #define PACKAGE_BUGREPORT ""
| #define PACKAGE_URL ""
| #define LT_OBJDIR ".libs/"
| /* end confdefs.h.  */
| #include "cloog/version.h"
| int
| main ()
| {
| #if CLOOG_VERSION_MAJOR != 0     || CLOOG_VERSION_MINOR != 18     || CLOOG_VERSION_REVISION < 0
|     choke me
|    #endif
|   ;
|   return 0;
| }
configure:6130: result: no
configure:7121: checking for default BUILD_CONFIG
configure:7153: result: 
configure:7642: checking for bison
configure:7658: found /usr/bin/bison
configure:7669: result: bison -y
configure:7689: checking for bison
configure:7705: found /usr/bin/bison
configure:7716: result: bison
configure:7736: checking for gm4
configure:7766: result: no
configure:7736: checking for gnum4
configure:7766: result: no
configure:7736: checking for m4
configure:7752: found /usr/bin/m4
configure:7763: result: m4
configure:7783: checking for flex
configure:7799: found /usr/bin/flex
configure:7810: result: flex
configure:7831: checking for flex
configure:7847: found /usr/bin/flex
configure:7858: result: flex
configure:7878: checking for makeinfo
configure:7894: found /usr/local/bin/makeinfo
configure:7905: result: makeinfo
configure:7939: checking for expect
configure:7969: result: no
configure:7988: checking for runtest
configure:8018: result: no
configure:8094: checking for x86_64-ar
configure:8110: found /usr/bin/x86_64-ar
configure:8121: result: x86_64-ar
configure:8235: checking for x86_64-as
configure:8265: result: no
configure:8376: checking for x86_64-dlltool
configure:8406: result: no
configure:8475: checking for ld
configure:8502: result: /usr/lind_project/repy/sdk/toolchain/linux_x86_glibc/bin/../lib/gcc/x86_64-nacl/4.4.3/../../../../x86_64-nacl/bin/ld
configure:8517: checking for x86_64-ld
configure:8544: result: /usr/lind_project/repy/sdk/toolchain/linux_x86_glibc/bin/../lib/gcc/x86_64-nacl/4.4.3/../../../../x86_64-nacl/bin/ld
configure:8658: checking for x86_64-lipo
configure:8688: result: no
configure:8799: checking for x86_64-nm
configure:8829: result: no
configure:8940: checking for x86_64-ranlib
configure:8970: result: no
configure:9076: checking for x86_64-strip
configure:9106: result: no
configure:9212: checking for x86_64-windres
configure:9242: result: no
configure:9353: checking for x86_64-windmc
configure:9383: result: no
configure:9494: checking for x86_64-objcopy
configure:9524: result: no
configure:9635: checking for x86_64-objdump
configure:9665: result: no
configure:9776: checking for x86_64-readelf
configure:9806: result: no
configure:9956: checking for x86_64-nacl-cc
configure:9986: result: no
configure:9956: checking for x86_64-nacl-gcc
configure:9986: result: no
configure:10117: checking for x86_64-nacl-c++
configure:10147: result: no
configure:10117: checking for x86_64-nacl-g++
configure:10147: result: no
configure:10117: checking for x86_64-nacl-cxx
configure:10147: result: no
configure:10117: checking for x86_64-nacl-gxx
configure:10147: result: no
configure:10278: checking for x86_64-nacl-gcc
configure:10308: result: no
configure:10434: checking for x86_64-nacl-gcj
configure:10464: result: no
configure:10595: checking for x86_64-nacl-gfortran
configure:10625: result: no
configure:10756: checking for x86_64-nacl-gccgo
configure:10786: result: no
configure:10997: checking for x86_64-nacl-ar
configure:11027: result: no
configure:11227: checking for x86_64-nacl-as
configure:11257: result: no
configure:11457: checking for x86_64-nacl-dlltool
configure:11487: result: no
configure:11687: checking for x86_64-nacl-ld
configure:11717: result: no
configure:11917: checking for x86_64-nacl-lipo
configure:11947: result: no
configure:12147: checking for x86_64-nacl-nm
configure:12177: result: no
configure:12377: checking for x86_64-nacl-objdump
configure:12407: result: no
configure:12607: checking for x86_64-nacl-ranlib
configure:12637: result: no
configure:12837: checking for x86_64-nacl-readelf
configure:12867: result: no
configure:13067: checking for x86_64-nacl-strip
configure:13097: result: no
configure:13297: checking for x86_64-nacl-windres
configure:13327: result: no
configure:13527: checking for x86_64-nacl-windmc
configure:13557: result: no
configure:13624: checking where to find the target ar
configure:13634: result: pre-installed
configure:13666: checking where to find the target as
configure:13676: result: pre-installed
configure:13708: checking where to find the target cc
configure:13718: result: pre-installed
configure:13750: checking where to find the target c++
configure:13760: result: pre-installed
configure:13795: checking where to find the target c++ for libstdc++
configure:13805: result: pre-installed
configure:13840: checking where to find the target dlltool
configure:13850: result: pre-installed
configure:13882: checking where to find the target gcc
configure:13892: result: pre-installed
configure:13924: checking where to find the target gcj
configure:13934: result: pre-installed
configure:13969: checking where to find the target gfortran
configure:13979: result: pre-installed
configure:14014: checking where to find the target gccgo
configure:14024: result: pre-installed
configure:14059: checking where to find the target ld
configure:14069: result: pre-installed
configure:14101: checking where to find the target lipo
configure:14111: result: pre-installed
configure:14132: checking where to find the target nm
configure:14142: result: pre-installed
configure:14174: checking where to find the target objdump
configure:14184: result: pre-installed
configure:14216: checking where to find the target ranlib
configure:14226: result: pre-installed
configure:14258: checking where to find the target readelf
configure:14268: result: pre-installed
configure:14300: checking where to find the target strip
configure:14310: result: pre-installed
configure:14342: checking where to find the target windres
configure:14352: result: pre-installed
configure:14384: checking where to find the target windmc
configure:14394: result: pre-installed
configure:14454: checking whether to enable maintainer-specific portions of Makefiles
configure:14463: result: no
configure:14674: creating ./config.status

## ---------------------- ##
## Running config.status. ##
## ---------------------- ##

This file was extended by config.status, which was
generated by GNU Autoconf 2.64.  Invocation command line was

  CONFIG_FILES    = 
  CONFIG_HEADERS  = 
  CONFIG_LINKS    = 
  CONFIG_COMMANDS = 
  $ ./config.status 

on laputa

config.status:936: creating Makefile

## ---------------- ##
## Cache variables. ##
## ---------------- ##

ac_cv_build=x86_64-unknown-linux-gnu
ac_cv_c_compiler_gnu=yes
ac_cv_cxx_compiler_gnu=yes
ac_cv_env_AR_FOR_TARGET_set=
ac_cv_env_AR_FOR_TARGET_value=
ac_cv_env_AR_set=
ac_cv_env_AR_value=
ac_cv_env_AS_FOR_TARGET_set=
ac_cv_env_AS_FOR_TARGET_value=
ac_cv_env_AS_set=
ac_cv_env_AS_value=
ac_cv_env_CCC_set=
ac_cv_env_CCC_value=
ac_cv_env_CC_FOR_TARGET_set=
ac_cv_env_CC_FOR_TARGET_value=
ac_cv_env_CC_set=set
ac_cv_env_CC_value=/usr/lind_project/repy/sdk/toolchain/linux_x86_glibc/bin/x86_64-nacl-gcc
ac_cv_env_CFLAGS_set=
ac_cv_env_CFLAGS_value=
ac_cv_env_CPPFLAGS_set=
ac_cv_env_CPPFLAGS_value=
ac_cv_env_CXXFLAGS_set=
ac_cv_env_CXXFLAGS_value=
ac_cv_env_CXX_FOR_TARGET_set=
ac_cv_env_CXX_FOR_TARGET_value=
ac_cv_env_CXX_set=
ac_cv_env_CXX_value=
ac_cv_env_DLLTOOL_FOR_TARGET_set=
ac_cv_env_DLLTOOL_FOR_TARGET_value=
ac_cv_env_DLLTOOL_set=
ac_cv_env_DLLTOOL_value=
ac_cv_env_GCC_FOR_TARGET_set=
ac_cv_env_GCC_FOR_TARGET_value=
ac_cv_env_GCJ_FOR_TARGET_set=
ac_cv_env_GCJ_FOR_TARGET_value=
ac_cv_env_GFORTRAN_FOR_TARGET_set=
ac_cv_env_GFORTRAN_FOR_TARGET_value=
ac_cv_env_GOC_FOR_TARGET_set=
ac_cv_env_GOC_FOR_TARGET_value=
ac_cv_env_LDFLAGS_set=
ac_cv_env_LDFLAGS_value=
ac_cv_env_LD_FOR_TARGET_set=
ac_cv_env_LD_FOR_TARGET_value=
ac_cv_env_LD_set=
ac_cv_env_LD_value=
ac_cv_env_LIBS_set=
ac_cv_env_LIBS_value=
ac_cv_env_LIPO_FOR_TARGET_set=
ac_cv_env_LIPO_FOR_TARGET_value=
ac_cv_env_LIPO_set=
ac_cv_env_LIPO_value=
ac_cv_env_NM_FOR_TARGET_set=
ac_cv_env_NM_FOR_TARGET_value=
ac_cv_env_NM_set=
ac_cv_env_NM_value=
ac_cv_env_OBJCOPY_set=
ac_cv_env_OBJCOPY_value=
ac_cv_env_OBJDUMP_FOR_TARGET_set=
ac_cv_env_OBJDUMP_FOR_TARGET_value=
ac_cv_env_OBJDUMP_set=
ac_cv_env_OBJDUMP_value=
ac_cv_env_RANLIB_FOR_TARGET_set=
ac_cv_env_RANLIB_FOR_TARGET_value=
ac_cv_env_RANLIB_set=
ac_cv_env_RANLIB_value=
ac_cv_env_READELF_FOR_TARGET_set=
ac_cv_env_READELF_FOR_TARGET_value=
ac_cv_env_READELF_set=
ac_cv_env_READELF_value=
ac_cv_env_STRIP_FOR_TARGET_set=
ac_cv_env_STRIP_FOR_TARGET_value=
ac_cv_env_STRIP_set=
ac_cv_env_STRIP_value=
ac_cv_env_WINDMC_FOR_TARGET_set=
ac_cv_env_WINDMC_FOR_TARGET_value=
ac_cv_env_WINDMC_set=
ac_cv_env_WINDMC_value=
ac_cv_env_WINDRES_FOR_TARGET_set=
ac_cv_env_WINDRES_FOR_TARGET_value=
ac_cv_env_WINDRES_set=
ac_cv_env_WINDRES_value=
ac_cv_env_build_alias_set=
ac_cv_env_build_alias_value=
ac_cv_env_build_configargs_set=
ac_cv_env_build_configargs_value=
ac_cv_env_host_alias_set=set
ac_cv_env_host_alias_value=x86_64
ac_cv_env_host_configargs_set=
ac_cv_env_host_configargs_value=
ac_cv_env_target_alias_set=set
ac_cv_env_target_alias_value=x86_64-nacl
ac_cv_env_target_configargs_set=
ac_cv_env_target_configargs_value=
ac_cv_host=x86_64-pc-none
ac_cv_objext=o
ac_cv_path_SED=/bin/sed
ac_cv_path_install='/usr/bin/install -c'
ac_cv_prog_AR=x86_64-ar
ac_cv_prog_AWK=gawk
ac_cv_prog_BISON=bison
ac_cv_prog_CC=/usr/lind_project/repy/sdk/toolchain/linux_x86_glibc/bin/x86_64-nacl-gcc
ac_cv_prog_FLEX=flex
ac_cv_prog_LD=/usr/lind_project/repy/sdk/toolchain/linux_x86_glibc/bin/../lib/gcc/x86_64-nacl/4.4.3/../../../../x86_64-nacl/bin/ld
ac_cv_prog_LEX=flex
ac_cv_prog_M4=m4
ac_cv_prog_MAKEINFO=makeinfo
ac_cv_prog_YACC='bison -y'
ac_cv_prog_ac_ct_CXX=g++
ac_cv_prog_cc_c89=
ac_cv_prog_cc_g=yes
ac_cv_prog_cxx_g=yes
ac_cv_target=x86_64-pc-nacl
acx_cv_cc_gcc_supports_ada=no
acx_cv_prog_LN=ln
gcc_cv_cloog=no
gcc_cv_isl=yes
gcc_cv_prog_cmp_skip='cmp --ignore-initial=16 $$f1 $$f2'
gcc_cv_tool_dirs=
gcc_cv_tool_prefix=/home/liyiwen/Documents/Projects/cages/caging/experiments/gnu_binutils/binutils-2.24
lt_cv_objdir=.libs

## ----------------- ##
## Output variables. ##
## ----------------- ##

AR='x86_64-ar'
AR_FOR_BUILD='ar'
AR_FOR_TARGET='x86_64-nacl-ar'
AS='x86_64-as'
AS_FOR_BUILD='as'
AS_FOR_TARGET='x86_64-nacl-as'
AWK='gawk'
BISON='bison'
BUILD_CONFIG=''
CC='/usr/lind_project/repy/sdk/toolchain/linux_x86_glibc/bin/x86_64-nacl-gcc'
CC_FOR_BUILD='gcc'
CC_FOR_TARGET='x86_64-nacl-cc'
CFLAGS='-g -O2'
CFLAGS_FOR_BUILD=''
CFLAGS_FOR_TARGET='-g -O2'
COMPILER_AS_FOR_TARGET='$(AS_FOR_TARGET)'
COMPILER_LD_FOR_TARGET='$(LD_FOR_TARGET)'
COMPILER_NM_FOR_TARGET='$(NM_FOR_TARGET)'
CONFIGURE_GDB_TK=''
CPPFLAGS=''
CXX='g++'
CXXFLAGS='-g -O2'
CXXFLAGS_FOR_BUILD=''
CXXFLAGS_FOR_TARGET='-g -O2'
CXX_FOR_BUILD='g++'
CXX_FOR_TARGET='x86_64-nacl-c++'
DEBUG_PREFIX_CFLAGS_FOR_TARGET=''
DEFS='-DPACKAGE_NAME=\"\" -DPACKAGE_TARNAME=\"\" -DPACKAGE_VERSION=\"\" -DPACKAGE_STRING=\"\" -DPACKAGE_BUGREPORT=\"\" -DPACKAGE_URL=\"\" -DLT_OBJDIR=\".libs/\"'
DLLTOOL='x86_64-dlltool'
DLLTOOL_FOR_BUILD='dlltool'
DLLTOOL_FOR_TARGET='x86_64-nacl-dlltool'
ECHO_C=''
ECHO_N='-n'
ECHO_T=''
EXEEXT=''
EXPECT='expect'
EXTRA_CONFIGARGS_LIBJAVA='--disable-static'
FLAGS_FOR_TARGET=' -L$$r/$(HOST_SUBDIR)/ld'
FLEX='flex'
GCC_FOR_TARGET='x86_64-nacl-gcc'
GCC_SHLIB_SUBDIR=''
GCJ_FOR_BUILD='gcj'
GCJ_FOR_TARGET='x86_64-nacl-gcj'
GDB_TK=''
GFORTRAN_FOR_BUILD='gfortran'
GFORTRAN_FOR_TARGET='x86_64-nacl-gfortran'
GNATBIND='no'
GNATMAKE='no'
GOC_FOR_BUILD='gccgo'
GOC_FOR_TARGET='x86_64-nacl-gccgo'
INSTALL_DATA='${INSTALL} -m 644'
INSTALL_GDB_TK=''
INSTALL_PROGRAM='${INSTALL}'
INSTALL_SCRIPT='${INSTALL}'
LD='/usr/lind_project/repy/sdk/toolchain/linux_x86_glibc/bin/../lib/gcc/x86_64-nacl/4.4.3/../../../../x86_64-nacl/bin/ld'
LDFLAGS=''
LDFLAGS_FOR_BUILD=''
LDFLAGS_FOR_TARGET=''
LD_FOR_BUILD='ld'
LD_FOR_TARGET='x86_64-nacl-ld'
LEX='flex'
LIBOBJS=''
LIBS=''
LIPO='x86_64-lipo'
LIPO_FOR_TARGET='x86_64-nacl-lipo'
LN='ln'
LN_S='ln -s'
LTLIBOBJS=''
M4='m4'
MAINT='#'
MAINTAINER_MODE_FALSE=''
MAINTAINER_MODE_TRUE='#'
MAKEINFO='makeinfo'
NM='x86_64-nm'
NM_FOR_BUILD='nm'
NM_FOR_TARGET='x86_64-nacl-nm'
OBJCOPY='x86_64-objcopy'
OBJDUMP='x86_64-objdump'
OBJDUMP_FOR_TARGET='x86_64-nacl-objdump'
OBJEXT='o'
PACKAGE_BUGREPORT=''
PACKAGE_NAME=''
PACKAGE_STRING=''
PACKAGE_TARNAME=''
PACKAGE_URL=''
PACKAGE_VERSION=''
PATH_SEPARATOR=':'
RANLIB='true'
RANLIB_FOR_BUILD='ranlib'
RANLIB_FOR_TARGET='x86_64-nacl-ranlib'
RAW_CXX_FOR_TARGET='x86_64-nacl-c++'
READELF='x86_64-readelf'
READELF_FOR_TARGET='x86_64-nacl-readelf'
RPATH_ENVVAR='LD_LIBRARY_PATH'
RUNTEST='runtest'
SED='/bin/sed'
SHELL='/bin/bash'
STRIP='true'
STRIP_FOR_TARGET='x86_64-nacl-strip'
SYSROOT_CFLAGS_FOR_TARGET=''
TOPLEVEL_CONFIGURE_ARGUMENTS='./configure --prefix=/home/liyiwen/Documents/Projects/cages/caging/experiments/gnu_binutils/binutils-2.24 --host=x86_64 --target=x86_64-nacl'
WINDMC='x86_64-windmc'
WINDMC_FOR_BUILD='windmc'
WINDMC_FOR_TARGET='x86_64-nacl-windmc'
WINDRES='x86_64-windres'
WINDRES_FOR_BUILD='windres'
WINDRES_FOR_TARGET='x86_64-nacl-windres'
YACC='bison -y'
ac_ct_CC=''
ac_ct_CXX='g++'
bindir='${exec_prefix}/bin'
build='x86_64-unknown-linux-gnu'
build_alias=''
build_configargs=' --cache-file=../config.cache '\''--prefix=/home/liyiwen/Documents/Projects/cages/caging/experiments/gnu_binutils/binutils-2.24'\'' --program-transform-name='\''s&^&x86_64-nacl-&'\'' --disable-option-checking'
build_configdirs=' libiberty'
build_cpu='x86_64'
build_libsubdir='build-x86_64-unknown-linux-gnu'
build_noncanonical='x86_64-unknown-linux-gnu'
build_os='linux-gnu'
build_subdir='build-x86_64-unknown-linux-gnu'
build_tooldir='${exec_prefix}/x86_64-nacl'
build_vendor='unknown'
clooginc=''
clooglibs=''
compare_exclusions='gcc/cc*-checksum$(objext) | gcc/ada/*tools/*'
configdirs=' intl libiberty opcodes bfd binutils gas ld gprof etc'
datadir='${datarootdir}'
datarootdir='${prefix}/share'
do_compare='cmp --ignore-initial=16 $$f1 $$f2'
docdir='${datarootdir}/doc/${PACKAGE}'
dvidir='${docdir}'
exec_prefix='${prefix}'
extra_host_libiberty_configure_flags=''
extra_isl_gmp_configure_flags=''
extra_mpc_gmp_configure_flags=''
extra_mpc_mpfr_configure_flags=''
extra_mpfr_configure_flags=''
gmpinc=''
gmplibs='-lmpc -lmpfr -lgmp'
host='x86_64-pc-none'
host_alias='x86_64'
host_configargs=' --cache-file=./config.cache  --with-gnu-as --with-gnu-ld --with-system-zlib '\''--prefix=/home/liyiwen/Documents/Projects/cages/caging/experiments/gnu_binutils/binutils-2.24'\'' --program-transform-name='\''s&^&x86_64-nacl-&'\'' --disable-option-checking'
host_cpu='x86_64'
host_noncanonical='x86_64'
host_os='none'
host_subdir='.'
host_vendor='pc'
htmldir='${docdir}'
includedir='${prefix}/include'
infodir='${datarootdir}/info'
islinc=''
libdir='${exec_prefix}/lib'
libexecdir='${exec_prefix}/libexec'
localedir='${datarootdir}/locale'
localstatedir='${prefix}/var'
mandir='${datarootdir}/man'
oldincludedir='/usr/include'
pdfdir='${docdir}'
poststage1_ldflags='-static-libstdc++ -static-libgcc'
poststage1_libs=''
prefix='/home/liyiwen/Documents/Projects/cages/caging/experiments/gnu_binutils/binutils-2.24'
program_transform_name='s&^&x86_64-nacl-&'
psdir='${docdir}'
sbindir='${exec_prefix}/sbin'
sharedstatedir='${prefix}/com'
stage1_cflags='-g'
stage1_checking='--enable-checking=yes,types'
stage1_languages=',c,'
stage1_ldflags='-static-libstdc++ -static-libgcc'
stage1_libs=''
stage2_werror_flag=''
sysconfdir='${prefix}/etc'
target='x86_64-pc-nacl'
target_alias='x86_64-nacl'
target_configargs='--cache-file=./config.cache --enable-multilib --with-cross-host=x86_64   '\''--prefix=/home/liyiwen/Documents/Projects/cages/caging/experiments/gnu_binutils/binutils-2.24'\'' --program-transform-name='\''s&^&x86_64-nacl-&'\'' --disable-option-checking'
target_configdirs=''
target_cpu='x86_64'
target_noncanonical='x86_64-nacl'
target_os='nacl'
target_subdir='x86_64-nacl'
target_vendor='pc'
tooldir='${exec_prefix}/x86_64-nacl'

## ------------------- ##
## File substitutions. ##
## ------------------- ##

alphaieee_frag='/dev/null'
host_makefile_frag='/dev/null'
ospace_frag='/dev/null'
serialization_dependencies='serdep.tmp'
target_makefile_frag='/dev/null'

## ----------- ##
## confdefs.h. ##
## ----------- ##

/* confdefs.h */
#define PACKAGE_NAME ""
#define PACKAGE_TARNAME ""
#define PACKAGE_VERSION ""
#define PACKAGE_STRING ""
#define PACKAGE_BUGREPORT ""
#define PACKAGE_URL ""
#define LT_OBJDIR ".libs/"

configure: exit 0
